Flow report for core_flattened
Mon Feb 22 18:47:01 2016
Quartus II 64-Bit Version 15.0.0 Build 145 04/22/2015 SJ Web Edition


---------------------
; Table of Contents ;
---------------------
  1. Legal Notice
  2. Flow Summary
  3. Flow Settings
  4. Flow Non-Default Global Settings
  5. Flow Elapsed Time
  6. Flow OS Summary
  7. Flow Log
  8. Flow Messages
  9. Flow Suppressed Messages



----------------
; Legal Notice ;
----------------
Copyright (C) 1991-2015 Altera Corporation. All rights reserved.
Your use of Altera Corporation's design tools, logic functions 
and other software and tools, and its AMPP partner logic 
functions, and any output files from any of the foregoing 
(including device programming or simulation files), and any 
associated documentation or information are expressly subject 
to the terms and conditions of the Altera Program License 
Subscription Agreement, the Altera Quartus II License Agreement,
the Altera MegaCore Function License Agreement, or other 
applicable license agreement, including, without limitation, 
that your use is for the sole purpose of programming logic 
devices manufactured by Altera and sold by Altera or its 
authorized distributors.  Please refer to the applicable 
agreement for further details.



+---------------------------------------------------------------------------------+
; Flow Summary                                                                    ;
+------------------------------------+--------------------------------------------+
; Flow Status                        ; Successful - Mon Feb 22 18:47:01 2016      ;
; Quartus II 64-Bit Version          ; 15.0.0 Build 145 04/22/2015 SJ Web Edition ;
; Revision Name                      ; core_flattened                             ;
; Top-level Entity Name              ; core_flattened                             ;
; Family                             ; Cyclone IV E                               ;
; Device                             ; EP4CE40F29C6                               ;
; Timing Models                      ; Final                                      ;
; Total logic elements               ; 4,744 / 39,600 ( 12 % )                    ;
;     Total combinational functions  ; 3,918 / 39,600 ( 10 % )                    ;
;     Dedicated logic registers      ; 2,069 / 39,600 ( 5 % )                     ;
; Total registers                    ; 2069                                       ;
; Total pins                         ; 272 / 533 ( 51 % )                         ;
; Total virtual pins                 ; 0                                          ;
; Total memory bits                  ; 16,384 / 1,161,216 ( 1 % )                 ;
; Embedded Multiplier 9-bit elements ; 0 / 232 ( 0 % )                            ;
; Total PLLs                         ; 0 / 4 ( 0 % )                              ;
+------------------------------------+--------------------------------------------+


+-----------------------------------------+
; Flow Settings                           ;
+-------------------+---------------------+
; Option            ; Setting             ;
+-------------------+---------------------+
; Start date & time ; 02/22/2016 18:35:10 ;
; Main task         ; Compilation         ;
; Revision Name     ; core_flattened      ;
+-------------------+---------------------+


+----------------------------------------------------------------------------------------------------------------------+
; Flow Non-Default Global Settings                                                                                     ;
+-------------------------------------+---------------------------------+---------------+-------------+----------------+
; Assignment Name                     ; Value                           ; Default Value ; Entity Name ; Section Id     ;
+-------------------------------------+---------------------------------+---------------+-------------+----------------+
; COMPILER_SIGNATURE_ID               ; 211326855087281.145619491004580 ; --            ; --          ; --             ;
; EDA_OUTPUT_DATA_FORMAT              ; Vhdl                            ; --            ; --          ; eda_simulation ;
; EDA_SIMULATION_TOOL                 ; ModelSim-Altera (VHDL)          ; <None>        ; --          ; --             ;
; MAX_CORE_JUNCTION_TEMP              ; 85                              ; --            ; --          ; --             ;
; MIN_CORE_JUNCTION_TEMP              ; 0                               ; --            ; --          ; --             ;
; NOMINAL_CORE_SUPPLY_VOLTAGE         ; 1.2V                            ; --            ; --          ; --             ;
; PARTITION_COLOR                     ; 16764057                        ; --            ; --          ; Top            ;
; PARTITION_FITTER_PRESERVATION_LEVEL ; PLACEMENT_AND_ROUTING           ; --            ; --          ; Top            ;
; PARTITION_NETLIST_TYPE              ; SOURCE                          ; --            ; --          ; Top            ;
; PROJECT_OUTPUT_DIRECTORY            ; output_files                    ; --            ; --          ; --             ;
+-------------------------------------+---------------------------------+---------------+-------------+----------------+


+-------------------------------------------------------------------------------------------------------------------------------+
; Flow Elapsed Time                                                                                                             ;
+---------------------------+--------------+-------------------------+---------------------+------------------------------------+
; Module Name               ; Elapsed Time ; Average Processors Used ; Peak Virtual Memory ; Total CPU Time (on all processors) ;
+---------------------------+--------------+-------------------------+---------------------+------------------------------------+
; Analysis & Synthesis      ; 00:00:40     ; 1.0                     ; 768 MB              ; 00:01:00                           ;
; Fitter                    ; 00:09:59     ; 1.3                     ; 1337 MB             ; 00:10:09                           ;
; Assembler                 ; 00:00:03     ; 1.0                     ; 652 MB              ; 00:00:03                           ;
; TimeQuest Timing Analyzer ; 00:00:30     ; 1.2                     ; 898 MB              ; 00:00:32                           ;
; EDA Netlist Writer        ; 00:00:18     ; 1.0                     ; 657 MB              ; 00:00:14                           ;
; Total                     ; 00:11:30     ; --                      ; --                  ; 00:11:58                           ;
+---------------------------+--------------+-------------------------+---------------------+------------------------------------+


+----------------------------------------------------------------------------------------+
; Flow OS Summary                                                                        ;
+---------------------------+------------------+-----------+------------+----------------+
; Module Name               ; Machine Hostname ; OS Name   ; OS Version ; Processor type ;
+---------------------------+------------------+-----------+------------+----------------+
; Analysis & Synthesis      ; Alicia           ; Windows 7 ; 6.2        ; x86_64         ;
; Fitter                    ; Alicia           ; Windows 7 ; 6.2        ; x86_64         ;
; Assembler                 ; Alicia           ; Windows 7 ; 6.2        ; x86_64         ;
; TimeQuest Timing Analyzer ; Alicia           ; Windows 7 ; 6.2        ; x86_64         ;
; EDA Netlist Writer        ; Alicia           ; Windows 7 ; 6.2        ; x86_64         ;
+---------------------------+------------------+-----------+------------+----------------+


------------
; Flow Log ;
------------
quartus_map --read_settings_files=on --write_settings_files=off core_flattened -c core_flattened
quartus_fit --read_settings_files=off --write_settings_files=off core_flattened -c core_flattened
quartus_asm --read_settings_files=off --write_settings_files=off core_flattened -c core_flattened
quartus_sta core_flattened -c core_flattened
quartus_eda --read_settings_files=off --write_settings_files=off core_flattened -c core_flattened



